Using pre-set license
Built from '2020.3/release' branch; Version is '2020.3.7f1 (dd97f2c94397) revision 14522354'; Using compiler version '192528614'; Build Type 'Release'
OS: 'Windows 10 Home; OS build 19043.1348; Version 2009; 64bit' Language: 'en' Physical Memory: 16303 MB
BatchMode: 1, IsHumanControllingUs: 0, StartBugReporterOnCrash: 0, Is64bit: 1, IsPro: 0

 COMMAND LINE ARGUMENTS:
D:\Software\unit\2020.3.7f1\Editor\Unity.exe
-adb2
-batchMode
-noUpm
-name
AssetImportWorker0
-projectPath
D:/Work/Unity/MapGeneratorPlugin
-logFile
Logs/AssetImportWorker0.log
-srvPort
52708
Successfully changed project path to: D:/Work/Unity/MapGeneratorPlugin
D:/Work/Unity/MapGeneratorPlugin
Using Asset Import Pipeline V2.
Refreshing native plugins compatible for Editor in 32.36 ms, found 1 plugins.
Preloading 0 native plugins for Editor in 0.00 ms.
Initialize engine version: 2020.3.7f1 (dd97f2c94397)
[Subsystems] Discovering subsystems at path D:/Software/unit/2020.3.7f1/Editor/Data/Resources/UnitySubsystems
[Subsystems] Discovering subsystems at path D:/Work/Unity/MapGeneratorPlugin/Assets
GfxDevice: creating device client; threaded=0
Direct3D:
    Version:  Direct3D 11.0 [level 11.1]
    Renderer: NVIDIA GeForce RTX 2060 (ID=0x1f51)
    Vendor:   
    VRAM:     5980 MB
    Driver:   30.0.14.7212
Initialize mono
Mono path[0] = 'D:/Software/unit/2020.3.7f1/Editor/Data/Managed'
Mono path[1] = 'D:/Software/unit/2020.3.7f1/Editor/Data/MonoBleedingEdge/lib/mono/unityjit'
Mono config path = 'D:/Software/unit/2020.3.7f1/Editor/Data/MonoBleedingEdge/etc'
Using monoOptions --debugger-agent=transport=dt_socket,embedding=1,server=y,suspend=n,address=127.0.0.1:56360
Begin MonoManager ReloadAssembly
Registering precompiled unity dll's ...
Register platform support module: D:/Software/unit/2020.3.7f1/Editor/Data/PlaybackEngines/WebGLSupport/UnityEditor.WebGL.Extensions.dll
Register platform support module: D:/Software/unit/2020.3.7f1/Editor/Data/PlaybackEngines/WindowsStandaloneSupport/UnityEditor.WindowsStandalone.Extensions.dll
Registered in 0.001299 seconds.
Native extension for WindowsStandalone target not found
Native extension for WebGL target not found
Refreshing native plugins compatible for Editor in 31.88 ms, found 1 plugins.
Preloading 0 native plugins for Editor in 0.00 ms.
Mono: successfully reloaded assembly
- Completed reload, in  1.560 seconds
Platform modules already initialized, skipping
Registering precompiled user dll's ...
Registered in 0.000693 seconds.
Begin MonoManager ReloadAssembly
Native extension for WindowsStandalone target not found
Native extension for WebGL target not found
Refreshing native plugins compatible for Editor in 31.13 ms, found 1 plugins.
Preloading 0 native plugins for Editor in 0.00 ms.
Mono: successfully reloaded assembly
- Completed reload, in  0.855 seconds
Platform modules already initialized, skipping
========================================================================
Worker process is ready to serve import requests
Launched and connected shader compiler UnityShaderCompiler.exe after 0.06 seconds
Refreshing native plugins compatible for Editor in 0.39 ms, found 1 plugins.
Preloading 0 native plugins for Editor in 0.00 ms.
Unloading 1808 Unused Serialized files (Serialized files now loaded: 0)
System memory in use before: 84.9 MB.
System memory in use after: 84.8 MB.

Unloading 24 unused Assets to reduce memory usage. Loaded Objects now: 2250.
Total: 2.186700 ms (FindLiveObjects: 0.237300 ms CreateObjectMapping: 0.088900 ms MarkObjects: 1.739000 ms  DeleteObjects: 0.120600 ms)

========================================================================
Received Import Request.
  path: Assets/Scenes
  artifactKey: Guid(e3322ebbabf43844ca9f80e4f5809476) Importer(815301076,1909f56bfc062723c751e8b465ee728b)
Start importing Assets/Scenes using Guid(e3322ebbabf43844ca9f80e4f5809476) Importer(815301076,1909f56bfc062723c751e8b465ee728b)  -> (artifact id: '45ee1b310d4533bdf2fb06459d7c9b80') in 0.008293 seconds
  Import took 0.011001 seconds .

========================================================================
Received Import Request.
  Time since last request: 0.000366 seconds.
  path: Assets/Scenes/SampleScene.unity
  artifactKey: Guid(2cda990e2423bbf4892e6590ba056729) Importer(815301076,1909f56bfc062723c751e8b465ee728b)
Start importing Assets/Scenes/SampleScene.unity using Guid(2cda990e2423bbf4892e6590ba056729) Importer(815301076,1909f56bfc062723c751e8b465ee728b)  -> (artifact id: '3dced07946141a818ed93299133b55e1') in 0.012153 seconds
  Import took 0.015075 seconds .

========================================================================
Received Import Request.
  Time since last request: 3.707951 seconds.
  path: Assets
  artifactKey: Guid(00000000000000001000000000000000) Importer(815301076,1909f56bfc062723c751e8b465ee728b)
Start importing Assets using Guid(00000000000000001000000000000000) Importer(815301076,1909f56bfc062723c751e8b465ee728b)  -> (artifact id: '5f6a1853b736837ecfb0820a881449cb') in 0.006732 seconds
  Import took 0.018415 seconds .

========================================================================
Received Import Request.
  Time since last request: 4.493508 seconds.
  path: Assets/Plugin
  artifactKey: Guid(5e62981071cd7c14da8161da75fa6844) Importer(815301076,1909f56bfc062723c751e8b465ee728b)
Start importing Assets/Plugin using Guid(5e62981071cd7c14da8161da75fa6844) Importer(815301076,1909f56bfc062723c751e8b465ee728b)  -> (artifact id: 'ab27e1502c93dfb7344d39688cffa8df') in 0.007077 seconds
  Import took 0.010133 seconds .

========================================================================
Received Import Request.
  Time since last request: 5.392433 seconds.
  path: Assets/Script
  artifactKey: Guid(cdb8d894ffc2c81498a792f080289a75) Importer(815301076,1909f56bfc062723c751e8b465ee728b)
Start importing Assets/Script using Guid(cdb8d894ffc2c81498a792f080289a75) Importer(815301076,1909f56bfc062723c751e8b465ee728b)  -> (artifact id: 'f5f76e783bc827f526e8f1e4f793b36b') in 0.005681 seconds
  Import took 0.016473 seconds .

========================================================================
Received Import Request.
  Time since last request: 6.035574 seconds.
  path: Assets/Resources
  artifactKey: Guid(5461f04146df8b54fafe6d7bb1ca64f2) Importer(815301076,1909f56bfc062723c751e8b465ee728b)
Start importing Assets/Resources using Guid(5461f04146df8b54fafe6d7bb1ca64f2) Importer(815301076,1909f56bfc062723c751e8b465ee728b)  -> (artifact id: '598af8afc4b1082cff0d2accb212f102') in 0.007555 seconds
  Import took 0.010918 seconds .

========================================================================
Received Import Request.
  Time since last request: 15.500206 seconds.
  path: Assets/Script/LoadPlugin.cs
  artifactKey: Guid(91ce5429b1c1ab441a1ba2d8114e0078) Importer(815301076,1909f56bfc062723c751e8b465ee728b)
Start importing Assets/Script/LoadPlugin.cs using Guid(91ce5429b1c1ab441a1ba2d8114e0078) Importer(815301076,1909f56bfc062723c751e8b465ee728b)  -> (artifact id: '520257d02d9d2547524a792accf3b01f') in 0.032930 seconds
  Import took 0.035986 seconds .

========================================================================
Received Prepare
Registering precompiled user dll's ...
Registered in 0.000632 seconds.
Begin MonoManager ReloadAssembly
Native extension for WindowsStandalone target not found
Native extension for WebGL target not found
Refreshing native plugins compatible for Editor in 0.46 ms, found 1 plugins.
Preloading 0 native plugins for Editor in 0.00 ms.
Mono: successfully reloaded assembly
- Completed reload, in  0.792 seconds
Platform modules already initialized, skipping
Refreshing native plugins compatible for Editor in 0.34 ms, found 1 plugins.
Preloading 0 native plugins for Editor in 0.00 ms.
Unloading 1804 Unused Serialized files (Serialized files now loaded: 0)
System memory in use before: 84.8 MB.
System memory in use after: 84.8 MB.

Unloading 12 unused Assets to reduce memory usage. Loaded Objects now: 2255.
Total: 2.500600 ms (FindLiveObjects: 0.289100 ms CreateObjectMapping: 0.087700 ms MarkObjects: 2.025000 ms  DeleteObjects: 0.097700 ms)

========================================================================
Received Prepare
Registering precompiled user dll's ...
Registered in 0.000760 seconds.
Begin MonoManager ReloadAssembly
Native extension for WindowsStandalone target not found
Native extension for WebGL target not found
Refreshing native plugins compatible for Editor in 0.32 ms, found 1 plugins.
Preloading 0 native plugins for Editor in 0.00 ms.
Mono: successfully reloaded assembly
- Completed reload, in  0.785 seconds
Platform modules already initialized, skipping
Refreshing native plugins compatible for Editor in 0.30 ms, found 1 plugins.
Preloading 0 native plugins for Editor in 0.00 ms.
Unloading 1804 Unused Serialized files (Serialized files now loaded: 0)
System memory in use before: 84.9 MB.
System memory in use after: 84.9 MB.

Unloading 12 unused Assets to reduce memory usage. Loaded Objects now: 2259.
Total: 2.112600 ms (FindLiveObjects: 0.158800 ms CreateObjectMapping: 0.057600 ms MarkObjects: 1.804100 ms  DeleteObjects: 0.090800 ms)

========================================================================
Received Prepare
Registering precompiled user dll's ...
Registered in 0.001103 seconds.
Begin MonoManager ReloadAssembly
Native extension for WindowsStandalone target not found
Native extension for WebGL target not found
Refreshing native plugins compatible for Editor in 0.35 ms, found 1 plugins.
Preloading 0 native plugins for Editor in 0.00 ms.
Mono: successfully reloaded assembly
- Completed reload, in  0.810 seconds
Platform modules already initialized, skipping
Refreshing native plugins compatible for Editor in 0.37 ms, found 1 plugins.
Preloading 0 native plugins for Editor in 0.00 ms.
Unloading 1804 Unused Serialized files (Serialized files now loaded: 0)
System memory in use before: 84.9 MB.
System memory in use after: 84.9 MB.

Unloading 12 unused Assets to reduce memory usage. Loaded Objects now: 2263.
Total: 2.026800 ms (FindLiveObjects: 0.202000 ms CreateObjectMapping: 0.088500 ms MarkObjects: 1.631200 ms  DeleteObjects: 0.104100 ms)

========================================================================
Received Import Request.
  Time since last request: 1109.910071 seconds.
  path: Assets/Script/LoadPlugin.cs
  artifactKey: Guid(91ce5429b1c1ab441a1ba2d8114e0078) Importer(815301076,1909f56bfc062723c751e8b465ee728b)
Start importing Assets/Script/LoadPlugin.cs using Guid(91ce5429b1c1ab441a1ba2d8114e0078) Importer(815301076,1909f56bfc062723c751e8b465ee728b)  -> (artifact id: '107479a4c683e8798713372e4585bc5e') in 0.003753 seconds
  Import took 0.008565 seconds .

========================================================================
Received Import Request.
  Time since last request: 0.001790 seconds.
  path: Assets/Script/LoadPlugin.cs
  artifactKey: Guid(91ce5429b1c1ab441a1ba2d8114e0078) Importer(815301076,1909f56bfc062723c751e8b465ee728b)
Start importing Assets/Script/LoadPlugin.cs using Guid(91ce5429b1c1ab441a1ba2d8114e0078) Importer(815301076,1909f56bfc062723c751e8b465ee728b)  -> (artifact id: '107479a4c683e8798713372e4585bc5e') in 0.001919 seconds
  Import took 0.005633 seconds .

========================================================================
Received Import Request.
  Time since last request: 5518.703137 seconds.
  path: Assets/Plugin/mydll.dll
  artifactKey: Guid(10bd4f82fa31cdb43bda5b6dd9f04f3c) Importer(815301076,1909f56bfc062723c751e8b465ee728b)
Start importing Assets/Plugin/mydll.dll using Guid(10bd4f82fa31cdb43bda5b6dd9f04f3c) Importer(815301076,1909f56bfc062723c751e8b465ee728b)  -> (artifact id: '71cbedb78044047bbe435d4e65955b20') in 0.018878 seconds
  Import took 0.073129 seconds .

========================================================================
Received Import Request.
  Time since last request: 21.701364 seconds.
  path: Assets/Plugin/mydll.dll
  artifactKey: Guid(10bd4f82fa31cdb43bda5b6dd9f04f3c) Importer(815301076,1909f56bfc062723c751e8b465ee728b)
Start importing Assets/Plugin/mydll.dll using Guid(10bd4f82fa31cdb43bda5b6dd9f04f3c) Importer(815301076,1909f56bfc062723c751e8b465ee728b)  -> (artifact id: 'f07673b135b64147944539cb9941a007') in 0.001682 seconds
  Import took 0.013180 seconds .

========================================================================
Received Import Request.
  Time since last request: 0.000820 seconds.
  path: Assets/Plugin/mydll.dll
  artifactKey: Guid(10bd4f82fa31cdb43bda5b6dd9f04f3c) Importer(815301076,1909f56bfc062723c751e8b465ee728b)
Start importing Assets/Plugin/mydll.dll using Guid(10bd4f82fa31cdb43bda5b6dd9f04f3c) Importer(815301076,1909f56bfc062723c751e8b465ee728b)  -> (artifact id: 'f07673b135b64147944539cb9941a007') in 0.001791 seconds
  Import took 0.004220 seconds .

========================================================================
Received Import Request.
  Time since last request: 74.055655 seconds.
  path: Assets/Plugin/mydll.dll
  artifactKey: Guid(10bd4f82fa31cdb43bda5b6dd9f04f3c) Importer(815301076,1909f56bfc062723c751e8b465ee728b)
Start importing Assets/Plugin/mydll.dll using Guid(10bd4f82fa31cdb43bda5b6dd9f04f3c) Importer(815301076,1909f56bfc062723c751e8b465ee728b)  -> (artifact id: '653b8d4ea2900f05b42d583e7e89e0fe') in 0.001962 seconds
  Import took 0.005295 seconds .

========================================================================
Received Import Request.
  Time since last request: 45.226031 seconds.
  path: Assets/Plugin/MapGeneratorPlugin.dll
  artifactKey: Guid(10bd4f82fa31cdb43bda5b6dd9f04f3c) Importer(815301076,1909f56bfc062723c751e8b465ee728b)
Start importing Assets/Plugin/MapGeneratorPlugin.dll using Guid(10bd4f82fa31cdb43bda5b6dd9f04f3c) Importer(815301076,1909f56bfc062723c751e8b465ee728b)  -> (artifact id: '943f152443fa44de35b671ff2e2d8b84') in 0.005329 seconds
  Import took 0.009391 seconds .

========================================================================
Received Import Request.
  Time since last request: 29.611320 seconds.
  path: Assets/Plugin/MapGeneratorPlugin.dll
  artifactKey: Guid(10bd4f82fa31cdb43bda5b6dd9f04f3c) Importer(815301076,1909f56bfc062723c751e8b465ee728b)
Start importing Assets/Plugin/MapGeneratorPlugin.dll using Guid(10bd4f82fa31cdb43bda5b6dd9f04f3c) Importer(815301076,1909f56bfc062723c751e8b465ee728b)  -> (artifact id: 'b1312546498236dfca0849f47b30c18d') in 0.004043 seconds
  Import took 0.016027 seconds .

========================================================================
Received Import Request.
  Time since last request: 75.919875 seconds.
  path: Assets/Plugin/MapGeneratorPlugin.dll
  artifactKey: Guid(10bd4f82fa31cdb43bda5b6dd9f04f3c) Importer(815301076,1909f56bfc062723c751e8b465ee728b)
Start importing Assets/Plugin/MapGeneratorPlugin.dll using Guid(10bd4f82fa31cdb43bda5b6dd9f04f3c) Importer(815301076,1909f56bfc062723c751e8b465ee728b)  -> (artifact id: '4770537ed7c680c91d1df593f935cdc5') in 0.001752 seconds
  Import took 0.004844 seconds .

========================================================================
Received Prepare
Registering precompiled user dll's ...
Registered in 0.002981 seconds.
Begin MonoManager ReloadAssembly
Native extension for WindowsStandalone target not found
Native extension for WebGL target not found
Refreshing native plugins compatible for Editor in 0.34 ms, found 2 plugins.
Preloading 1 native plugins for Editor in 0.93 ms.
Mono: successfully reloaded assembly
- Completed reload, in  0.899 seconds
Platform modules already initialized, skipping
Refreshing native plugins compatible for Editor in 0.33 ms, found 2 plugins.
Preloading 1 native plugins for Editor in 0.04 ms.
Unloading 1805 Unused Serialized files (Serialized files now loaded: 0)
System memory in use before: 85.0 MB.
System memory in use after: 84.9 MB.

Unloading 13 unused Assets to reduce memory usage. Loaded Objects now: 2267.
Total: 2.127000 ms (FindLiveObjects: 0.192600 ms CreateObjectMapping: 0.072900 ms MarkObjects: 1.731200 ms  DeleteObjects: 0.129500 ms)

